[35m[1mScanning dependencies of target video_publisher[0m
[ 50%] [32mBuilding CXX object CMakeFiles/video_publisher.dir/src/video_publisher.cpp.o[0m
[01m[K/home/jetson/guali_ws/detectabasura/src/video_publisher.cpp:[m[K In function â€˜[01m[Kint main(int, char**)[m[Kâ€™:
[01m[K/home/jetson/guali_ws/detectabasura/src/video_publisher.cpp:81:5:[m[K [01;31m[Kerror: [m[Kâ€˜[01m[KshowFrameInformation[m[Kâ€™ was not declared in this scope
     [01;31m[KshowFrameInformation[m[K("Camera 1", camera1_frame);
     [01;31m[K^~~~~~~~~~~~~~~~~~~~[m[K
make[2]: *** [CMakeFiles/video_publisher.dir/build.make:63: CMakeFiles/video_publisher.dir/src/video_publisher.cpp.o] Error 1
make[1]: *** [CMakeFiles/Makefile2:78: CMakeFiles/video_publisher.dir/all] Error 2
make: *** [Makefile:141: all] Error 2
