[0.056s] Invoking command in '/home/jetson/guali_ws/build/detectabasura': CMAKE_PREFIX_PATH=${CMAKE_PREFIX_PATH}:/home/jetson/guali_ws/install/deteccionresiduos:/opt/ros/foxy /usr/bin/cmake /home/jetson/guali_ws/detectabasura -DCMAKE_INSTALL_PREFIX=/home/jetson/guali_ws/install/detectabasura
[0.609s] -- The C compiler identification is GNU 8.4.0
[1.056s] -- The CXX compiler identification is GNU 8.4.0
[1.077s] -- Check for working C compiler: /usr/bin/cc
[1.321s] -- Check for working C compiler: /usr/bin/cc -- works
[1.328s] -- Detecting C compiler ABI info
[1.570s] -- Detecting C compiler ABI info - done
[1.620s] -- Detecting C compile features
[1.622s] -- Detecting C compile features - done
[1.632s] -- Check for working CXX compiler: /usr/bin/c++
[1.913s] -- Check for working CXX compiler: /usr/bin/c++ -- works
[1.918s] -- Detecting CXX compiler ABI info
[2.213s] -- Detecting CXX compiler ABI info - done
[2.266s] -- Detecting CXX compile features
[2.268s] -- Detecting CXX compile features - done
[2.286s] -- Found ament_cmake: 0.9.12 (/opt/ros/foxy/share/ament_cmake/cmake)
[2.392s] -- Found PythonInterp: /usr/bin/python3 (found suitable version "3.8.10", minimum required is "3") 
[2.392s] -- Using PYTHON_EXECUTABLE: /usr/bin/python3
[3.451s] -- Found rclcpp: 2.4.3 (/opt/ros/foxy/share/rclcpp/cmake)
[3.682s] -- Using all available rosidl_typesupport_c: rosidl_typesupport_fastrtps_c;rosidl_typesupport_introspection_c
[3.719s] -- Found rosidl_adapter: 1.3.1 (/opt/ros/foxy/share/rosidl_adapter/cmake)
[4.107s] -- Found OpenSSL: /usr/lib/aarch64-linux-gnu/libcrypto.so (found version "1.1.1f")  
[4.218s] -- Found FastRTPS: /opt/ros/foxy/include  
[4.585s] -- Using all available rosidl_typesupport_cpp: rosidl_typesupport_fastrtps_cpp;rosidl_typesupport_introspection_cpp
[4.841s] -- Found rmw_implementation_cmake: 1.0.4 (/opt/ros/foxy/share/rmw_implementation_cmake/cmake)
[4.847s] -- Using RMW implementation 'rmw_fastrtps_cpp' as default
[4.852s] -- Looking for pthread.h
[5.129s] -- Looking for pthread.h - found
[5.129s] -- Performing Test CMAKE_HAVE_LIBC_PTHREAD
[5.386s] -- Performing Test CMAKE_HAVE_LIBC_PTHREAD - Failed
[5.387s] -- Looking for pthread_create in pthreads
[5.605s] -- Looking for pthread_create in pthreads - not found
[5.606s] -- Looking for pthread_create in pthread
[5.868s] -- Looking for pthread_create in pthread - found
[5.872s] -- Found Threads: TRUE  
[6.606s] -- Found sensor_msgs: 2.0.5 (/opt/ros/foxy/share/sensor_msgs/cmake)
[7.153s] -- Found cv_bridge: 3.0.7 (/opt/ros/foxy/share/cv_bridge/cmake)
[7.228s] -- Found CUDA: /usr/local/cuda (found suitable exact version "10.2") 
[7.454s] -- Found rosidl_default_generators: 1.0.1 (/opt/ros/foxy/share/rosidl_default_generators/cmake)
[7.536s] -- Found OpenCV: /usr (found suitable version "4.6.0", minimum required is "4.2") 
[7.629s] -- Found PythonInterp: /usr/bin/python3 (found version "3.8.10") 
[8.153s] -- Found ament_cmake_ros: 0.9.2 (/opt/ros/foxy/share/ament_cmake_ros/cmake)
[8.616s] -- Using all available rosidl_typesupport_c: rosidl_typesupport_fastrtps_c;rosidl_typesupport_introspection_c
[8.646s] -- Using all available rosidl_typesupport_cpp: rosidl_typesupport_fastrtps_cpp;rosidl_typesupport_introspection_cpp
[8.739s] -- Found PythonInterp: /usr/bin/python3 (found suitable version "3.8.10", minimum required is "3.5") 
[8.747s] -- Found python_cmake_module: 0.8.1 (/opt/ros/foxy/share/python_cmake_module/cmake)
[8.862s] -- Found PythonLibs: /usr/lib/aarch64-linux-gnu/libpython3.8.so (found suitable version "3.8.10", minimum required is "3.5") 
[8.863s] -- Using PYTHON_EXECUTABLE: /usr/bin/python3
[8.864s] -- Using PYTHON_INCLUDE_DIRS: /usr/include/python3.8
[8.864s] -- Using PYTHON_LIBRARIES: /usr/lib/aarch64-linux-gnu/libpython3.8.so
[8.953s] -- Found PythonExtra: .so  
[9.195s] Invoked command in '/home/jetson/guali_ws/build/detectabasura' returned '-2': CMAKE_PREFIX_PATH=${CMAKE_PREFIX_PATH}:/home/jetson/guali_ws/install/deteccionresiduos:/opt/ros/foxy /usr/bin/cmake /home/jetson/guali_ws/detectabasura -DCMAKE_INSTALL_PREFIX=/home/jetson/guali_ws/install/detectabasura
[9.206s] Traceback (most recent call last):
  File "/usr/lib/python3/dist-packages/colcon_parallel_executor/executor/parallel.py", line 67, in execute
    loop.run_until_complete(future)
  File "/usr/lib/python3.8/asyncio/base_events.py", line 603, in run_until_complete
    self.run_forever()
  File "/usr/lib/python3.8/asyncio/base_events.py", line 570, in run_forever
    self._run_once()
  File "/usr/lib/python3.8/asyncio/base_events.py", line 1823, in _run_once
    event_list = self._selector.select(timeout)
  File "/usr/lib/python3.8/selectors.py", line 468, in select
    fd_event_list = self._selector.poll(timeout, max_ev)
KeyboardInterrupt

During handling of the above exception, another exception occurred:

Traceback (most recent call last):
  File "/usr/lib/python3/dist-packages/colcon_core/executor/__init__.py", line 91, in __call__
    rc = await self.task(*args, **kwargs)
  File "/usr/lib/python3/dist-packages/colcon_core/task/__init__.py", line 93, in __call__
    return await task_method(*args, **kwargs)
  File "/usr/lib/python3/dist-packages/colcon_ros/task/ament_cmake/build.py", line 59, in build
    rc = await extension.build(
  File "/usr/lib/python3/dist-packages/colcon_cmake/task/cmake/build.py", line 87, in build
    rc = await self._reconfigure(args, env)
  File "/usr/lib/python3/dist-packages/colcon_cmake/task/cmake/build.py", line 182, in _reconfigure
    buildfile = get_buildfile(cmake_cache)
  File "/usr/lib/python3/dist-packages/colcon_cmake/task/cmake/__init__.py", line 112, in get_buildfile
    if 'Ninja' in generator:
TypeError: argument of type 'NoneType' is not iterable
