[  2%] Built target detectabasura__cpp
[  8%] Built target video_publisher_cli
[ 16%] Built target detectabasura__rosidl_generator_c
[35m[1mScanning dependencies of target video_publisher_usb[0m
[ 21%] Built target serialMCU
[ 29%] Built target detectabasura__rosidl_typesupport_cpp
[ 37%] Built target detectabasura__rosidl_typesupport_fastrtps_cpp
[ 45%] Built target detectabasura__rosidl_typesupport_introspection_c
[ 54%] Built target detectabasura__rosidl_typesupport_introspection_cpp
[ 56%] [32mBuilding CXX object CMakeFiles/video_publisher_usb.dir/src/video_publisher_usb.cpp.o[0m
[ 64%] Built target detectabasura__rosidl_typesupport_c
[ 72%] Built target detectabasura__rosidl_typesupport_fastrtps_c
[ 72%] Built target detectabasura
[ 75%] Built target detectabasura__py
[ 81%] Built target detectabasura__python
[ 91%] Built target detectabasura__rosidl_typesupport_introspection_c__pyext
[ 89%] Built target detectabasura__rosidl_typesupport_c__pyext
[ 97%] Built target detectabasura__rosidl_typesupport_fastrtps_c__pyext
[01m[K/home/jetson/guali_ws/detectabasura/src/video_publisher_usb.cpp:[m[K In function â€˜[01m[Kint main(int, char**)[m[Kâ€™:
[01m[K/home/jetson/guali_ws/detectabasura/src/video_publisher_usb.cpp:29:9:[m[K [01;31m[Kerror: [m[Kâ€˜[01m[Kcamera0_capture[m[Kâ€™ was not declared in this scope
     if ([01;31m[Kcamera0_capture[m[K.isOpened())
         [01;31m[K^~~~~~~~~~~~~~~[m[K
[01m[K/home/jetson/guali_ws/detectabasura/src/video_publisher_usb.cpp:33:5:[m[K [01;31m[Kerror: [m[Kâ€˜[01m[Kcamera0_capture[m[Kâ€™ was not declared in this scope
     [01;31m[Kcamera0_capture[m[K.open(2);
     [01;31m[K^~~~~~~~~~~~~~~[m[K
[01m[K/home/jetson/guali_ws/detectabasura/src/video_publisher_usb.cpp:40:9:[m[K [01;31m[Kerror: [m[Kâ€˜[01m[Kcamera1_capture[m[Kâ€™ was not declared in this scope
     if ([01;31m[Kcamera1_capture[m[K.isOpened())
         [01;31m[K^~~~~~~~~~~~~~~[m[K
[01m[K/home/jetson/guali_ws/detectabasura/src/video_publisher_usb.cpp:44:5:[m[K [01;31m[Kerror: [m[Kâ€˜[01m[Kcamera1_capture[m[Kâ€™ was not declared in this scope
     [01;31m[Kcamera1_capture[m[K.open(3);
     [01;31m[K^~~~~~~~~~~~~~~[m[K
make[2]: *** [CMakeFiles/video_publisher_usb.dir/build.make:63: CMakeFiles/video_publisher_usb.dir/src/video_publisher_usb.cpp.o] Error 1
make[1]: *** [CMakeFiles/Makefile2:583: CMakeFiles/video_publisher_usb.dir/all] Error 2
make: *** [Makefile:141: all] Error 2
