[01m[K/home/jetson/guali_ws/detectabasura/src/video_publisher_usb.cpp:[m[K In function â€˜[01m[Kint main(int, char**)[m[Kâ€™:
[01m[K/home/jetson/guali_ws/detectabasura/src/video_publisher_usb.cpp:27:5:[m[K [01;31m[Kerror: [m[Kâ€˜[01m[Kcamera0_capture[m[Kâ€™ was not declared in this scope
     [01;31m[Kcamera0_capture[m[K = cv2.VideoCapture(2);
     [01;31m[K^~~~~~~~~~~~~~~[m[K
[01m[K/home/jetson/guali_ws/detectabasura/src/video_publisher_usb.cpp:27:23:[m[K [01;31m[Kerror: [m[Kâ€˜[01m[Kcv2[m[Kâ€™ was not declared in this scope
     camera0_capture = [01;31m[Kcv2[m[K.VideoCapture(2);
                       [01;31m[K^~~[m[K
[01m[K/home/jetson/guali_ws/detectabasura/src/video_publisher_usb.cpp:27:23:[m[K [01;36m[Knote: [m[Ksuggested alternative: â€˜[01m[Kcv[m[Kâ€™
     camera0_capture = [01;36m[Kcv2[m[K.VideoCapture(2);
                       [01;36m[K^~~[m[K
                       [32m[Kcv[m[K
[01m[K/home/jetson/guali_ws/detectabasura/src/video_publisher_usb.cpp:28:5:[m[K [01;31m[Kerror: [m[Kâ€˜[01m[Kcamera1_capture[m[Kâ€™ was not declared in this scope
     [01;31m[Kcamera1_capture[m[K = cv2.VideoCapture(3);
     [01;31m[K^~~~~~~~~~~~~~~[m[K
make[2]: *** [CMakeFiles/video_publisher_usb.dir/build.make:63: CMakeFiles/video_publisher_usb.dir/src/video_publisher_usb.cpp.o] Error 1
make[1]: *** [CMakeFiles/Makefile2:554: CMakeFiles/video_publisher_usb.dir/all] Error 2
make: *** [Makefile:141: all] Error 2
